2021-02-08 01:17:30.492  WARN 33826 --- [HikariPool-1 housekeeper] com.zaxxer.hikari.pool.HikariPool        : HikariPool-1 - Thread starvation or clock leap detected (housekeeper delta=1h26m15s248ms).
2021-02-08 01:23:14.541  WARN 33826 --- [HikariPool-1 housekeeper] com.zaxxer.hikari.pool.HikariPool        : HikariPool-1 - Thread starvation or clock leap detected (housekeeper delta=5m13s43ms).
2021-02-08 01:51:39.998  WARN 33826 --- [HikariPool-1 housekeeper] com.zaxxer.hikari.pool.HikariPool        : HikariPool-1 - Thread starvation or clock leap detected (housekeeper delta=28m25s456ms).
2021-02-08 01:56:53.055  WARN 33826 --- [HikariPool-1 housekeeper] com.zaxxer.hikari.pool.HikariPool        : HikariPool-1 - Thread starvation or clock leap detected (housekeeper delta=5m13s58ms).
2021-02-08 04:40:42.912  WARN 33826 --- [HikariPool-1 housekeeper] com.zaxxer.hikari.pool.HikariPool        : HikariPool-1 - Thread starvation or clock leap detected (housekeeper delta=2h43m49s856ms).
2021-02-08 05:57:14.131  WARN 33826 --- [HikariPool-1 housekeeper] com.zaxxer.hikari.pool.HikariPool        : HikariPool-1 - Thread starvation or clock leap detected (housekeeper delta=1h16m31s220ms).
2021-02-08 05:58:22.914  WARN 33826 --- [HikariPool-1 housekeeper] com.zaxxer.hikari.pool.HikariPool        : HikariPool-1 - Thread starvation or clock leap detected (housekeeper delta=1m8s783ms).
2021-02-08 06:19:24.340  WARN 33826 --- [HikariPool-1 housekeeper] com.zaxxer.hikari.pool.HikariPool        : HikariPool-1 - Thread starvation or clock leap detected (housekeeper delta=20m31s426ms).
2021-02-08 09:10:07.272  WARN 33826 --- [HikariPool-1 housekeeper] com.zaxxer.hikari.pool.HikariPool        : HikariPool-1 - Thread starvation or clock leap detected (housekeeper delta=2h50m42s932ms).
2021-02-08 09:15:20.234  WARN 33826 --- [HikariPool-1 housekeeper] com.zaxxer.hikari.pool.HikariPool        : HikariPool-1 - Thread starvation or clock leap detected (housekeeper delta=5m12s962ms).
2021-02-08 09:20:33.217  WARN 33826 --- [HikariPool-1 housekeeper] com.zaxxer.hikari.pool.HikariPool        : HikariPool-1 - Thread starvation or clock leap detected (housekeeper delta=5m12s983ms).
2021-02-08 10:10:23.001  WARN 33826 --- [HikariPool-1 housekeeper] com.zaxxer.hikari.pool.HikariPool        : HikariPool-1 - Thread starvation or clock leap detected (housekeeper delta=49m49s784ms).
2021-02-08 10:31:59.956  WARN 33826 --- [HikariPool-1 housekeeper] com.zaxxer.hikari.pool.HikariPool        : HikariPool-1 - Thread starvation or clock leap detected (housekeeper delta=21m6s859ms).
2021-02-08 13:46:16.149  WARN 33826 --- [HikariPool-1 housekeeper] com.zaxxer.hikari.pool.HikariPool        : HikariPool-1 - Thread starvation or clock leap detected (housekeeper delta=3h14m16s193ms).
2021-02-08 13:51:29.154  WARN 33826 --- [HikariPool-1 housekeeper] com.zaxxer.hikari.pool.HikariPool        : HikariPool-1 - Thread starvation or clock leap detected (housekeeper delta=5m13s5ms).
2021-02-08 14:12:49.532  WARN 33826 --- [HikariPool-1 housekeeper] com.zaxxer.hikari.pool.HikariPool        : HikariPool-1 - Thread starvation or clock leap detected (housekeeper delta=21m20s378ms).
2021-02-08 14:15:03.332  WARN 33826 --- [HikariPool-1 housekeeper] com.zaxxer.hikari.pool.HikariPool        : HikariPool-1 - Thread starvation or clock leap detected (housekeeper delta=2m13s800ms).
2021-02-08 14:15:08.238  INFO 33826 --- [http-nio-8080-exec-1] com.shouko.blog.aspect.LogAspect         : Request : RequestLog{url='http://127.0.0.1:8080/about', ip='127.0.0.1', classMethod='com.shouko.blog.controller.AboutMeController.about', args=[]}
2021-02-08 14:15:08.248  INFO 33826 --- [http-nio-8080-exec-1] com.shouko.blog.aspect.LogAspect         : result : about
2021-02-08 15:34:06.505  INFO 33826 --- [SpringContextShutdownHook] o.s.s.concurrent.ThreadPoolTaskExecutor  : Shutting down ExecutorService 'applicationTaskExecutor'
2021-02-08 15:34:06.522  INFO 33826 --- [SpringContextShutdownHook] com.zaxxer.hikari.HikariDataSource       : HikariPool-1 - Shutdown initiated...
2021-02-08 15:34:06.553  INFO 33826 --- [SpringContextShutdownHook] com.zaxxer.hikari.HikariDataSource       : HikariPool-1 - Shutdown completed.
